2017-01-12 19:47:10
Qdmail error: Qdmail Version 1.2.6b ,PHP Version 5.5.38
Qdmail error: OS SunOS ; PHP Version 5.5.38 ; Qdmail version 1.2.6b
php.ini status: mb_language = Japanese ; mb_internal_encoding = UTF-8 ; mb_detect_order = ASCII,UTF-8
Qdmail Status debug: 0, log: 0, errorlog: 3
Qdmail error: Must Header is not exist 'TO' line -> 2232

2017-01-12 19:47:10
Qdmail error: No recipient line -> 2849

2017-01-12 19:47:10
Qdmail error: Error happen, see upper line -> 2194

2017-01-12 19:47:10
Qdmail error: Send Error line -> 2115

2017-01-12 19:47:10
Qdmail error: Error happen, see upper line -> 2194
To: info@nagoya-partition.com
Subject: =?iso-2022-jp?B?GyRCIVpMPjhFMjAlUSE8JUYhPCU3JWclcyFbJVshPCVgJVobKEI=?=
	=?iso-2022-jp?B?GyRCITwlOCQrJGkkKkxkOWckOyQsJCIkaiReJDckPxsoQg==?=
From: info@nagoya-partition.com
Message-Id: <Qdmail.1.2.6b_77991b0c0cdac3fa85d0ceec1e94d3ff0dbdfe1f@hal456.net>
Content-Type: text/plain; charset="iso-2022-jp"
Content-Transfer-Encoding: 7bit
MIME-Version: 1.0
X-PHP-Qdmail: version-1.2.6b The_MIT_License http://hal456.net/qdmail PHPver 5.5.38
	send-by MailFunction
2017-01-12 19:47:10
Qdmail error: Send Error line -> 2115
To: info@nagoya-partition.com
Subject: =?iso-2022-jp?B?GyRCIVpMPjhFMjAlUSE8JUYhPCU3JWclcyFbJVshPCVgJVobKEI=?=
	=?iso-2022-jp?B?GyRCITwlOCQrJGkkKkxkOWckOyQsJCIkaiReJDckPxsoQg==?=
From: info@nagoya-partition.com
Message-Id: <Qdmail.1.2.6b_77991b0c0cdac3fa85d0ceec1e94d3ff0dbdfe1f@hal456.net>
Content-Type: text/plain; charset="iso-2022-jp"
Content-Transfer-Encoding: 7bit
MIME-Version: 1.0
X-PHP-Qdmail: version-1.2.6b The_MIT_License http://hal456.net/qdmail PHPver 5.5.38
	send-by MailFunction
2017-01-12 19:47:12
Qdmail error: Qdmail Version 1.2.6b ,PHP Version 5.5.38
Qdmail error: OS SunOS ; PHP Version 5.5.38 ; Qdmail version 1.2.6b
php.ini status: mb_language = Japanese ; mb_internal_encoding = UTF-8 ; mb_detect_order = ASCII,UTF-8
Qdmail Status debug: 0, log: 0, errorlog: 3
Qdmail error: Must Header is not exist 'TO' line -> 2232

2017-01-12 19:47:12
Qdmail error: No recipient line -> 2849

2017-01-12 19:47:12
Qdmail error: Error happen, see upper line -> 2194

2017-01-12 19:47:12
Qdmail error: Send Error line -> 2115

2017-01-12 19:47:12
Qdmail error: Error happen, see upper line -> 2194
To: info@nagoya-partition.com
Subject: =?iso-2022-jp?B?GyRCIVpMPjhFMjAlUSE8JUYhPCU3JWclcyFbJVshPCVgJVobKEI=?=
	=?iso-2022-jp?B?GyRCITwlOCQrJGkkKkxkOWckOyQsJCIkaiReJDckPxsoQg==?=
From: info@nagoya-partition.com
Message-Id: <Qdmail.1.2.6b_d1d1d3353c04ab8c3fba779b16c39e97ca089818@hal456.net>
Content-Type: text/plain; charset="iso-2022-jp"
Content-Transfer-Encoding: 7bit
MIME-Version: 1.0
X-PHP-Qdmail: version-1.2.6b The_MIT_License http://hal456.net/qdmail PHPver 5.5.38
	send-by MailFunction
2017-01-12 19:47:12
Qdmail error: Send Error line -> 2115
To: info@nagoya-partition.com
Subject: =?iso-2022-jp?B?GyRCIVpMPjhFMjAlUSE8JUYhPCU3JWclcyFbJVshPCVgJVobKEI=?=
	=?iso-2022-jp?B?GyRCITwlOCQrJGkkKkxkOWckOyQsJCIkaiReJDckPxsoQg==?=
From: info@nagoya-partition.com
Message-Id: <Qdmail.1.2.6b_d1d1d3353c04ab8c3fba779b16c39e97ca089818@hal456.net>
Content-Type: text/plain; charset="iso-2022-jp"
Content-Transfer-Encoding: 7bit
MIME-Version: 1.0
X-PHP-Qdmail: version-1.2.6b The_MIT_License http://hal456.net/qdmail PHPver 5.5.38
	send-by MailFunction
2017-01-12 19:47:14
Qdmail error: Qdmail Version 1.2.6b ,PHP Version 5.5.38
Qdmail error: OS SunOS ; PHP Version 5.5.38 ; Qdmail version 1.2.6b
php.ini status: mb_language = Japanese ; mb_internal_encoding = UTF-8 ; mb_detect_order = ASCII,UTF-8
Qdmail Status debug: 0, log: 0, errorlog: 3
Qdmail error: Must Header is not exist 'TO' line -> 2232

2017-01-12 19:47:14
Qdmail error: No recipient line -> 2849

2017-01-12 19:47:14
Qdmail error: Error happen, see upper line -> 2194

2017-01-12 19:47:14
Qdmail error: Send Error line -> 2115

2017-01-12 19:47:14
Qdmail error: Error happen, see upper line -> 2194
To: info@nagoya-partition.com
Subject: =?iso-2022-jp?B?GyRCIVpMPjhFMjAlUSE8JUYhPCU3JWclcyFbJVshPCVgJVobKEI=?=
	=?iso-2022-jp?B?GyRCITwlOCQrJGkkKkxkOWckOyQsJCIkaiReJDckPxsoQg==?=
From: info@nagoya-partition.com
Message-Id: <Qdmail.1.2.6b_2cc1071a817928ebfaa97be4f1d492abe895a8eb@hal456.net>
Content-Type: text/plain; charset="iso-2022-jp"
Content-Transfer-Encoding: 7bit
MIME-Version: 1.0
X-PHP-Qdmail: version-1.2.6b The_MIT_License http://hal456.net/qdmail PHPver 5.5.38
	send-by MailFunction
2017-01-12 19:47:14
Qdmail error: Send Error line -> 2115
To: info@nagoya-partition.com
Subject: =?iso-2022-jp?B?GyRCIVpMPjhFMjAlUSE8JUYhPCU3JWclcyFbJVshPCVgJVobKEI=?=
	=?iso-2022-jp?B?GyRCITwlOCQrJGkkKkxkOWckOyQsJCIkaiReJDckPxsoQg==?=
From: info@nagoya-partition.com
Message-Id: <Qdmail.1.2.6b_2cc1071a817928ebfaa97be4f1d492abe895a8eb@hal456.net>
Content-Type: text/plain; charset="iso-2022-jp"
Content-Transfer-Encoding: 7bit
MIME-Version: 1.0
X-PHP-Qdmail: version-1.2.6b The_MIT_License http://hal456.net/qdmail PHPver 5.5.38
	send-by MailFunction
2017-05-10 14:03:17
Qdmail error: Qdmail Version 1.2.6b ,PHP Version 5.5.38
Qdmail error: OS SunOS ; PHP Version 5.5.38 ; Qdmail version 1.2.6b
php.ini status: mb_language = Japanese ; mb_internal_encoding = UTF-8 ; mb_detect_order = ASCII,UTF-8
Qdmail Status debug: 0, log: 0, errorlog: 3
Qdmail error: Must Header is not exist 'TO' line -> 2232

2017-05-10 14:03:17
Qdmail error: No recipient line -> 2849

2017-05-10 14:03:17
Qdmail error: Error happen, see upper line -> 2194

2017-05-10 14:03:17
Qdmail error: Send Error line -> 2115

2017-05-10 14:03:17
Qdmail error: Error happen, see upper line -> 2194
To: info@nagoya-partition.com
Subject: =?iso-2022-jp?B?GyRCIVpMPjhFMjAlUSE8JUYhPCU3JWclcyFbJVshPCVgJVobKEI=?=
	=?iso-2022-jp?B?GyRCITwlOCQrJGkkKkxkOWckOyQsJCIkaiReJDckPxsoQg==?=
From: info@nagoya-partition.com
Message-Id: <Qdmail.1.2.6b_df817a52beccb542d2191876a75f26ac61487c3b@hal456.net>
Content-Type: text/plain; charset="iso-2022-jp"
Content-Transfer-Encoding: 7bit
MIME-Version: 1.0
X-PHP-Qdmail: version-1.2.6b The_MIT_License http://hal456.net/qdmail PHPver 5.5.38
	send-by MailFunction
2017-05-10 14:03:17
Qdmail error: Send Error line -> 2115
To: info@nagoya-partition.com
Subject: =?iso-2022-jp?B?GyRCIVpMPjhFMjAlUSE8JUYhPCU3JWclcyFbJVshPCVgJVobKEI=?=
	=?iso-2022-jp?B?GyRCITwlOCQrJGkkKkxkOWckOyQsJCIkaiReJDckPxsoQg==?=
From: info@nagoya-partition.com
Message-Id: <Qdmail.1.2.6b_df817a52beccb542d2191876a75f26ac61487c3b@hal456.net>
Content-Type: text/plain; charset="iso-2022-jp"
Content-Transfer-Encoding: 7bit
MIME-Version: 1.0
X-PHP-Qdmail: version-1.2.6b The_MIT_License http://hal456.net/qdmail PHPver 5.5.38
	send-by MailFunction
2017-07-07 17:13:26
Qdmail error: Qdmail Version 1.2.6b ,PHP Version 5.5.38
Qdmail error: OS SunOS ; PHP Version 5.5.38 ; Qdmail version 1.2.6b
php.ini status: mb_language = Japanese ; mb_internal_encoding = UTF-8 ; mb_detect_order = ASCII,UTF-8
Qdmail Status debug: 0, log: 0, errorlog: 3
Qdmail error: Must Header is not exist 'TO' line -> 2232

2017-07-07 17:13:26
Qdmail error: No recipient line -> 2849

2017-07-07 17:13:26
Qdmail error: Error happen, see upper line -> 2194

2017-07-07 17:13:26
Qdmail error: Send Error line -> 2115

2017-07-07 17:13:26
Qdmail error: Error happen, see upper line -> 2194
To: info@nagoya-partition.com
Subject: =?iso-2022-jp?B?GyRCIVpMPjhFMjAlUSE8JUYhPCU3JWclcyFbJVshPCVgJVobKEI=?=
	=?iso-2022-jp?B?GyRCITwlOCQrJGkkKkxkOWckOyQsJCIkaiReJDckPxsoQg==?=
From: info@nagoya-partition.com
Message-Id: <Qdmail.1.2.6b_f43b5ade27df2fb33199fca4404f8ad3ac2c6357@hal456.net>
Content-Type: text/plain; charset="iso-2022-jp"
Content-Transfer-Encoding: 7bit
MIME-Version: 1.0
X-PHP-Qdmail: version-1.2.6b The_MIT_License http://hal456.net/qdmail PHPver 5.5.38
	send-by MailFunction
2017-07-07 17:13:26
Qdmail error: Send Error line -> 2115
To: info@nagoya-partition.com
Subject: =?iso-2022-jp?B?GyRCIVpMPjhFMjAlUSE8JUYhPCU3JWclcyFbJVshPCVgJVobKEI=?=
	=?iso-2022-jp?B?GyRCITwlOCQrJGkkKkxkOWckOyQsJCIkaiReJDckPxsoQg==?=
From: info@nagoya-partition.com
Message-Id: <Qdmail.1.2.6b_f43b5ade27df2fb33199fca4404f8ad3ac2c6357@hal456.net>
Content-Type: text/plain; charset="iso-2022-jp"
Content-Transfer-Encoding: 7bit
MIME-Version: 1.0
X-PHP-Qdmail: version-1.2.6b The_MIT_License http://hal456.net/qdmail PHPver 5.5.38
	send-by MailFunction
2017-08-21 11:11:53
Qdmail error: Qdmail Version 1.2.6b ,PHP Version 5.5.38
Qdmail error: OS SunOS ; PHP Version 5.5.38 ; Qdmail version 1.2.6b
php.ini status: mb_language = Japanese ; mb_internal_encoding = UTF-8 ; mb_detect_order = ASCII,UTF-8
Qdmail Status debug: 0, log: 0, errorlog: 3
Qdmail error: Must Header is not exist 'TO' line -> 2232

2017-08-21 11:11:53
Qdmail error: No recipient line -> 2849

2017-08-21 11:11:53
Qdmail error: Error happen, see upper line -> 2194

2017-08-21 11:11:53
Qdmail error: Send Error line -> 2115

2017-08-21 11:11:53
Qdmail error: Error happen, see upper line -> 2194
To: info@nagoya-partition.com
Subject: =?iso-2022-jp?B?GyRCIVpMPjhFMjAlUSE8JUYhPCU3JWclcyFbJVshPCVgJVobKEI=?=
	=?iso-2022-jp?B?GyRCITwlOCQrJGkkKkxkOWckOyQsJCIkaiReJDckPxsoQg==?=
From: info@nagoya-partition.com
Message-Id: <Qdmail.1.2.6b_9f270689280539c7f1345ea56925a8f3b801e2d4@hal456.net>
Content-Type: text/plain; charset="iso-2022-jp"
Content-Transfer-Encoding: 7bit
MIME-Version: 1.0
X-PHP-Qdmail: version-1.2.6b The_MIT_License http://hal456.net/qdmail PHPver 5.5.38
	send-by MailFunction
2017-08-21 11:11:53
Qdmail error: Send Error line -> 2115
To: info@nagoya-partition.com
Subject: =?iso-2022-jp?B?GyRCIVpMPjhFMjAlUSE8JUYhPCU3JWclcyFbJVshPCVgJVobKEI=?=
	=?iso-2022-jp?B?GyRCITwlOCQrJGkkKkxkOWckOyQsJCIkaiReJDckPxsoQg==?=
From: info@nagoya-partition.com
Message-Id: <Qdmail.1.2.6b_9f270689280539c7f1345ea56925a8f3b801e2d4@hal456.net>
Content-Type: text/plain; charset="iso-2022-jp"
Content-Transfer-Encoding: 7bit
MIME-Version: 1.0
X-PHP-Qdmail: version-1.2.6b The_MIT_License http://hal456.net/qdmail PHPver 5.5.38
	send-by MailFunction
2018-04-05 15:51:33
Qdmail error: Qdmail Version 1.2.6b ,PHP Version 5.5.38
Qdmail error: OS SunOS ; PHP Version 5.5.38 ; Qdmail version 1.2.6b
php.ini status: mb_language = Japanese ; mb_internal_encoding = UTF-8 ; mb_detect_order = ASCII,UTF-8
Qdmail Status debug: 0, log: 0, errorlog: 3
Qdmail error: Must Header is not exist 'TO' line -> 2232

2018-04-05 15:51:33
Qdmail error: No recipient line -> 2849

2018-04-05 15:51:33
Qdmail error: Error happen, see upper line -> 2194

2018-04-05 15:51:33
Qdmail error: Send Error line -> 2115

2018-04-05 15:51:33
Qdmail error: Error happen, see upper line -> 2194
To: info@nagoya-partition.com
Subject: =?iso-2022-jp?B?GyRCIVpMPjhFMjAlUSE8JUYhPCU3JWclcyFbJVshPCVgJVobKEI=?=
	=?iso-2022-jp?B?GyRCITwlOCQrJGkkKkxkOWckOyQsJCIkaiReJDckPxsoQg==?=
From: info@nagoya-partition.com
Message-Id: <Qdmail.1.2.6b_cec9d1e54ca702d868433101b85df3a4fe15f94a@hal456.net>
Content-Type: text/plain; charset="iso-2022-jp"
Content-Transfer-Encoding: 7bit
MIME-Version: 1.0
X-PHP-Qdmail: version-1.2.6b The_MIT_License http://hal456.net/qdmail PHPver 5.5.38
	send-by MailFunction
2018-04-05 15:51:33
Qdmail error: Send Error line -> 2115
To: info@nagoya-partition.com
Subject: =?iso-2022-jp?B?GyRCIVpMPjhFMjAlUSE8JUYhPCU3JWclcyFbJVshPCVgJVobKEI=?=
	=?iso-2022-jp?B?GyRCITwlOCQrJGkkKkxkOWckOyQsJCIkaiReJDckPxsoQg==?=
From: info@nagoya-partition.com
Message-Id: <Qdmail.1.2.6b_cec9d1e54ca702d868433101b85df3a4fe15f94a@hal456.net>
Content-Type: text/plain; charset="iso-2022-jp"
Content-Transfer-Encoding: 7bit
MIME-Version: 1.0
X-PHP-Qdmail: version-1.2.6b The_MIT_License http://hal456.net/qdmail PHPver 5.5.38
	send-by MailFunction
2018-07-13 16:10:44
Qdmail error: Qdmail Version 1.2.6b ,PHP Version 5.6.32
Qdmail error: OS SunOS ; PHP Version 5.6.32 ; Qdmail version 1.2.6b
php.ini status: mb_language = Japanese ; mb_internal_encoding = UTF-8 ; mb_detect_order = ASCII,UTF-8
Qdmail Status debug: 0, log: 0, errorlog: 3
Qdmail error: Must Header is not exist 'TO' line -> 2232

2018-07-13 16:10:44
Qdmail error: No recipient line -> 2849

2018-07-13 16:10:44
Qdmail error: Error happen, see upper line -> 2194

2018-07-13 16:10:44
Qdmail error: Send Error line -> 2115

2018-07-13 16:10:44
Qdmail error: Error happen, see upper line -> 2194
To: info@nagoya-partition.com
Subject: =?iso-2022-jp?B?GyRCIVpMPjhFMjAlUSE8JUYhPCU3JWclcyFbJVshPCVgJVobKEI=?=
	=?iso-2022-jp?B?GyRCITwlOCQrJGkkKkxkOWckOyQsJCIkaiReJDckPxsoQg==?=
From: info@nagoya-partition.com
Message-Id: <Qdmail.1.2.6b_8adda5697faaf87863aeb0429143cf9cf41e75c8@hal456.net>
Content-Type: text/plain; charset="iso-2022-jp"
Content-Transfer-Encoding: 7bit
MIME-Version: 1.0
X-PHP-Qdmail: version-1.2.6b The_MIT_License http://hal456.net/qdmail PHPver 5.6.32
	send-by MailFunction
2018-07-13 16:10:44
Qdmail error: Send Error line -> 2115
To: info@nagoya-partition.com
Subject: =?iso-2022-jp?B?GyRCIVpMPjhFMjAlUSE8JUYhPCU3JWclcyFbJVshPCVgJVobKEI=?=
	=?iso-2022-jp?B?GyRCITwlOCQrJGkkKkxkOWckOyQsJCIkaiReJDckPxsoQg==?=
From: info@nagoya-partition.com
Message-Id: <Qdmail.1.2.6b_8adda5697faaf87863aeb0429143cf9cf41e75c8@hal456.net>
Content-Type: text/plain; charset="iso-2022-jp"
Content-Transfer-Encoding: 7bit
MIME-Version: 1.0
X-PHP-Qdmail: version-1.2.6b The_MIT_License http://hal456.net/qdmail PHPver 5.6.32
	send-by MailFunction
2018-07-13 16:11:19
Qdmail error: Qdmail Version 1.2.6b ,PHP Version 5.6.32
Qdmail error: OS SunOS ; PHP Version 5.6.32 ; Qdmail version 1.2.6b
php.ini status: mb_language = Japanese ; mb_internal_encoding = UTF-8 ; mb_detect_order = ASCII,UTF-8
Qdmail Status debug: 0, log: 0, errorlog: 3
Qdmail error: Must Header is not exist 'TO' line -> 2232

2018-07-13 16:11:19
Qdmail error: No recipient line -> 2849

2018-07-13 16:11:19
Qdmail error: Error happen, see upper line -> 2194

2018-07-13 16:11:19
Qdmail error: Send Error line -> 2115

2018-07-13 16:11:19
Qdmail error: Error happen, see upper line -> 2194
To: info@nagoya-partition.com
Subject: =?iso-2022-jp?B?GyRCIVpMPjhFMjAlUSE8JUYhPCU3JWclcyFbJVshPCVgJVobKEI=?=
	=?iso-2022-jp?B?GyRCITwlOCQrJGkkKkxkOWckOyQsJCIkaiReJDckPxsoQg==?=
From: info@nagoya-partition.com
Message-Id: <Qdmail.1.2.6b_6c644340cd3d1bb4f0c8618d5ac3c1fab1352671@hal456.net>
Content-Type: text/plain; charset="iso-2022-jp"
Content-Transfer-Encoding: 7bit
MIME-Version: 1.0
X-PHP-Qdmail: version-1.2.6b The_MIT_License http://hal456.net/qdmail PHPver 5.6.32
	send-by MailFunction
2018-07-13 16:11:19
Qdmail error: Send Error line -> 2115
To: info@nagoya-partition.com
Subject: =?iso-2022-jp?B?GyRCIVpMPjhFMjAlUSE8JUYhPCU3JWclcyFbJVshPCVgJVobKEI=?=
	=?iso-2022-jp?B?GyRCITwlOCQrJGkkKkxkOWckOyQsJCIkaiReJDckPxsoQg==?=
From: info@nagoya-partition.com
Message-Id: <Qdmail.1.2.6b_6c644340cd3d1bb4f0c8618d5ac3c1fab1352671@hal456.net>
Content-Type: text/plain; charset="iso-2022-jp"
Content-Transfer-Encoding: 7bit
MIME-Version: 1.0
X-PHP-Qdmail: version-1.2.6b The_MIT_License http://hal456.net/qdmail PHPver 5.6.32
	send-by MailFunction
2018-07-13 17:39:14
Qdmail error: Qdmail Version 1.2.6b ,PHP Version 5.6.32
Qdmail error: OS SunOS ; PHP Version 5.6.32 ; Qdmail version 1.2.6b
php.ini status: mb_language = Japanese ; mb_internal_encoding = UTF-8 ; mb_detect_order = ASCII,UTF-8
Qdmail Status debug: 0, log: 0, errorlog: 3
Qdmail error: Must Header is not exist 'TO' line -> 2232

2018-07-13 17:39:14
Qdmail error: No recipient line -> 2849

2018-07-13 17:39:14
Qdmail error: Error happen, see upper line -> 2194

2018-07-13 17:39:14
Qdmail error: Send Error line -> 2115

2018-07-13 17:39:14
Qdmail error: Error happen, see upper line -> 2194
To: info@nagoya-partition.com
Subject: =?iso-2022-jp?B?GyRCIVpMPjhFMjAlUSE8JUYhPCU3JWclcyFbJVshPCVgJVobKEI=?=
	=?iso-2022-jp?B?GyRCITwlOCQrJGkkKkxkOWckOyQsJCIkaiReJDckPxsoQg==?=
From: info@nagoya-partition.com
Message-Id: <Qdmail.1.2.6b_3529a94c435def6148df66ada2b239e92148e1eb@hal456.net>
Content-Type: text/plain; charset="iso-2022-jp"
Content-Transfer-Encoding: 7bit
MIME-Version: 1.0
X-PHP-Qdmail: version-1.2.6b The_MIT_License http://hal456.net/qdmail PHPver 5.6.32
	send-by MailFunction
2018-07-13 17:39:14
Qdmail error: Send Error line -> 2115
To: info@nagoya-partition.com
Subject: =?iso-2022-jp?B?GyRCIVpMPjhFMjAlUSE8JUYhPCU3JWclcyFbJVshPCVgJVobKEI=?=
	=?iso-2022-jp?B?GyRCITwlOCQrJGkkKkxkOWckOyQsJCIkaiReJDckPxsoQg==?=
From: info@nagoya-partition.com
Message-Id: <Qdmail.1.2.6b_3529a94c435def6148df66ada2b239e92148e1eb@hal456.net>
Content-Type: text/plain; charset="iso-2022-jp"
Content-Transfer-Encoding: 7bit
MIME-Version: 1.0
X-PHP-Qdmail: version-1.2.6b The_MIT_License http://hal456.net/qdmail PHPver 5.6.32
	send-by MailFunction
